<?xml version="1.0" encoding="UTF-8"?>
<!-- Generated by org.testng.reporters.JUnitReportReporter -->
<testsuite hostname="DESKTOP-H0SHG5R" failures="0" tests="1" name="test.TestAnnotations" time="0.007" errors="0" timestamp="2023-02-25T11:00:27 IST" skipped="0">
  <testcase classname="test.TestAnnotations" name="test1" time="0.007"/>
  <system-out/>
</testsuite> <!-- test.TestAnnotations -->
